<?xml version="1.0" encoding="UTF-8"?>
<!-- Generated by org.testng.reporters.JUnitReportReporter -->
<testsuite name="ATnT_Regression_Suite.FPP_1158_VerifyLoginWithUnauthorizedFPPUser" tests="1" time="31.378" ignored="0" failures="0" timestamp="13 Jul 2017 14:05:15 GMT" skipped="0" hostname="5CD63180NV" errors="0">
  <testcase name="unauthorizedLogin" time="31.378" classname="ATnT_Regression_Suite.FPP_1158_VerifyLoginWithUnauthorizedFPPUser"/>
</testsuite> <!-- ATnT_Regression_Suite.FPP_1158_VerifyLoginWithUnauthorizedFPPUser -->
