<?xml version="1.0" encoding="UTF-8"?>
<!-- Generated by org.testng.reporters.JUnitReportReporter -->
<testsuite name="ATnT_Sanity_Suite.SanityFlow_PricingManager" tests="1" time="163.324" ignored="0" failures="0" timestamp="17 Jul 2017 13:48:28 GMT" skipped="0" hostname="5CD63180NV" errors="1">
  <testcase name="test" time="163.324" classname="ATnT_Sanity_Suite.SanityFlow_PricingManager">
    <error/>
  </testcase> <!-- test -->
</testsuite> <!-- ATnT_Sanity_Suite.SanityFlow_PricingManager -->
