<?xml version="1.0" encoding="UTF-8"?>
<!-- Generated by org.testng.reporters.JUnitReportReporter -->
<testsuite name="ATnT_Regression_Suite.FPP_1103_verifyApproverPortal_GlobalNavigationSidebar" tests="1" time="49.504" ignored="0" failures="0" timestamp="26 Jul 2017 17:19:12 GMT" skipped="0" hostname="5CD63180NV" errors="0">
  <testcase name="runTest" time="49.504" classname="ATnT_Regression_Suite.FPP_1103_verifyApproverPortal_GlobalNavigationSidebar"/>
</testsuite> <!-- ATnT_Regression_Suite.FPP_1103_verifyApproverPortal_GlobalNavigationSidebar -->
