<?xml version="1.0" encoding="UTF-8"?>
<!-- Generated by org.testng.reporters.JUnitReportReporter -->
<testsuite name="ATnT_Regression_Suite.FPP_1157_VerifyLoginWithAuthorizedFPPUser" tests="1" time="35.441" ignored="0" failures="0" timestamp="13 Jul 2017 14:05:15 GMT" skipped="0" hostname="5CD63180NV" errors="0">
  <testcase name="test" time="35.441" classname="ATnT_Regression_Suite.FPP_1157_VerifyLoginWithAuthorizedFPPUser"/>
</testsuite> <!-- ATnT_Regression_Suite.FPP_1157_VerifyLoginWithAuthorizedFPPUser -->
