<?xml version="1.0" encoding="UTF-8"?>
<!-- Generated by org.testng.reporters.JUnitReportReporter -->
<testsuite name="ATnT_Regression_Suite.FPP_1161_VerifyUserCanLogoutFromFPP" tests="1" time="79.249" ignored="0" failures="0" timestamp="13 Jul 2017 14:05:15 GMT" skipped="0" hostname="5CD63180NV" errors="1">
  <testcase name="test" time="79.249" classname="ATnT_Regression_Suite.FPP_1161_VerifyUserCanLogoutFromFPP">
    <error/>
  </testcase> <!-- test -->
</testsuite> <!-- ATnT_Regression_Suite.FPP_1161_VerifyUserCanLogoutFromFPP -->
