<?xml version="1.0" encoding="UTF-8"?>
<!-- Generated by org.testng.reporters.JUnitReportReporter -->
<testsuite name="joy_ATT.FPP_1090_verifyDealApprovers_byPricer" tests="1" time="52.428" ignored="0" failures="0" timestamp="10 Jul 2017 13:15:05 GMT" skipped="0" hostname="5CD63180NV" errors="1">
  <testcase name="runTest" time="52.428" classname="joy_ATT.FPP_1090_verifyDealApprovers_byPricer">
    <error/>
  </testcase> <!-- runTest -->
</testsuite> <!-- joy_ATT.FPP_1090_verifyDealApprovers_byPricer -->
