<?xml version="1.0" encoding="UTF-8"?>
<!-- Generated by org.testng.reporters.JUnitReportReporter -->
<testsuite name="joy_ATT.FPP_1102_verifyPricerPortal_GlobalNavigationSidebar" tests="1" time="26.987" ignored="0" failures="0" timestamp="10 Jul 2017 13:15:05 GMT" skipped="0" hostname="5CD63180NV" errors="0">
  <testcase name="runTest" time="26.987" classname="joy_ATT.FPP_1102_verifyPricerPortal_GlobalNavigationSidebar"/>
</testsuite> <!-- joy_ATT.FPP_1102_verifyPricerPortal_GlobalNavigationSidebar -->
