<?xml version="1.0" encoding="UTF-8"?>
<!-- Generated by org.testng.reporters.JUnitReportReporter -->
<testsuite skipped="0" hostname="C8L8102" name="ATnT_Regression_Suite.FPP_3855_CreateNewProductbyAdmin" tests="1" failures="0" timestamp="24 Aug 2017 10:27:07 GMT" time="234.618" errors="1">
  <testcase name="runTest" time="234.618" classname="ATnT_Regression_Suite.FPP_3855_CreateNewProductbyAdmin">
    <error/>
  </testcase> <!-- runTest -->
</testsuite> <!-- ATnT_Regression_Suite.FPP_3855_CreateNewProductbyAdmin -->
