<?xml version="1.0" encoding="UTF-8"?>
<!-- Generated by org.testng.reporters.JUnitReportReporter -->
<testsuite name="joy_ATT.FPP_1090" tests="1" time="14.579" ignored="0" failures="0" timestamp="29 Jun 2017 07:29:09 GMT" skipped="0" hostname="5CD63180NV" errors="1">
  <testcase name="runTest" time="14.579" classname="joy_ATT.FPP_1090">
    <error/>
  </testcase> <!-- runTest -->
</testsuite> <!-- joy_ATT.FPP_1090 -->
