<?xml version="1.0" encoding="UTF-8"?>
<!-- Generated by org.testng.reporters.JUnitReportReporter -->
<testsuite name="ATnT_Regression_Suite.FPP_3809_Master_Data_Landing_Page_AttributeManager" tests="1" time="67.236" ignored="0" failures="0" timestamp="26 Jul 2017 17:19:12 GMT" skipped="0" hostname="5CD63180NV" errors="0">
  <testcase name="runTest" time="67.236" classname="ATnT_Regression_Suite.FPP_3809_Master_Data_Landing_Page_AttributeManager"/>
</testsuite> <!-- ATnT_Regression_Suite.FPP_3809_Master_Data_Landing_Page_AttributeManager -->
