<?xml version="1.0" encoding="UTF-8"?>
<!-- Generated by org.testng.reporters.JUnitReportReporter -->
<testsuite skipped="0" hostname="C8L8102" name="RegressionSuite_Ishaan.VerifySampleAutoTestCases" tests="1" failures="0" timestamp="24 Aug 2017 14:09:25 GMT" time="208.600" errors="1">
  <testcase name="test" time="208.600" classname="RegressionSuite_Ishaan.VerifySampleAutoTestCases">
    <error/>
  </testcase> <!-- test -->
</testsuite> <!-- RegressionSuite_Ishaan.VerifySampleAutoTestCases -->
