<?xml version="1.0" encoding="UTF-8"?>
<!-- Generated by org.testng.reporters.JUnitReportReporter -->
<testsuite skipped="0" hostname="C8L8102" name="RegressionSuite_Prasfutita.FPP_2462_VerifyPricingManagerMouseHoverActionsInDealPortalPage" tests="1" failures="0" timestamp="24 Aug 2017 10:53:12 GMT" time="299.697" errors="1">
  <testcase name="test" time="299.697" classname="RegressionSuite_Prasfutita.FPP_2462_VerifyPricingManagerMouseHoverActionsInDealPortalPage">
    <error/>
  </testcase> <!-- test -->
</testsuite> <!-- RegressionSuite_Prasfutita.FPP_2462_VerifyPricingManagerMouseHoverActionsInDealPortalPage -->
