<?xml version="1.0" encoding="UTF-8"?>
<!-- Generated by org.testng.reporters.JUnitReportReporter -->
<testsuite name="ATnT_Regression_Suite.Testing" tests="1" time="27.078" ignored="0" failures="0" timestamp="20 Jul 2017 14:23:43 GMT" skipped="0" hostname="5CD63180NV" errors="0">
  <testcase name="runTest" time="27.078" classname="ATnT_Regression_Suite.Testing"/>
</testsuite> <!-- ATnT_Regression_Suite.Testing -->
