<?xml version="1.0" encoding="UTF-8"?>
<!-- Generated by org.testng.reporters.JUnitReportReporter -->
<testsuite name="ATnT_Regression_Suite.FPP_3442_Master_Data_Landing_Page_CategoryManager" tests="1" time="57.156" ignored="0" failures="0" timestamp="24 Jul 2017 07:32:52 GMT" skipped="0" hostname="5CD63180NV" errors="0">
  <testcase name="runTest" time="57.156" classname="ATnT_Regression_Suite.FPP_3442_Master_Data_Landing_Page_CategoryManager"/>
</testsuite> <!-- ATnT_Regression_Suite.FPP_3442_Master_Data_Landing_Page_CategoryManager -->
