<?xml version="1.0" encoding="UTF-8"?>
<!-- Generated by org.testng.reporters.JUnitReportReporter -->
<testsuite name="ATnT_Regression_Suite.FPP_3443_Master_Data_Landing_Page_AttributeManager" tests="1" time="54.338" ignored="0" failures="0" timestamp="24 Jul 2017 07:32:52 GMT" skipped="0" hostname="5CD63180NV" errors="0">
  <testcase name="runTest" time="54.338" classname="ATnT_Regression_Suite.FPP_3443_Master_Data_Landing_Page_AttributeManager"/>
</testsuite> <!-- ATnT_Regression_Suite.FPP_3443_Master_Data_Landing_Page_AttributeManager -->
