<?xml version="1.0" encoding="UTF-8"?>
<!-- Generated by org.testng.reporters.JUnitReportReporter -->
<testsuite name="ATnT_Sanity_Suite.SanityFlow_Approver" tests="1" time="53.006" ignored="0" failures="0" timestamp="17 Jul 2017 13:48:28 GMT" skipped="0" hostname="5CD63180NV" errors="0">
  <testcase name="test" time="53.006" classname="ATnT_Sanity_Suite.SanityFlow_Approver"/>
</testsuite> <!-- ATnT_Sanity_Suite.SanityFlow_Approver -->
