<?xml version="1.0" encoding="UTF-8"?>
<!-- Generated by org.testng.reporters.JUnitReportReporter -->
<testsuite name="test.TestSuite" tests="6" time="40.205" ignored="0" failures="0" timestamp="25 Jun 2017 11:31:23 GMT" skipped="0" hostname="5CD63180NV" errors="0">
  <testcase name="verifyPricingManagerPortalPage" time="6.038" classname="test.TestSuite"/>
  <testcase name="VerifyLogin" time="12.013" classname="test.TestSuite"/>
  <testcase name="verifyDealInbox" time="4.026" classname="test.TestSuite"/>
  <testcase name="verifyCompletedDealsModule" time="6.037" classname="test.TestSuite"/>
  <testcase name="verifyDealAlertsModule" time="6.053" classname="test.TestSuite"/>
  <testcase name="verifyMyInboxModule" time="6.038" classname="test.TestSuite"/>
</testsuite> <!-- test.TestSuite -->
