<?xml version="1.0" encoding="UTF-8"?>
<!-- Generated by org.testng.reporters.JUnitReportReporter -->
<testsuite name="ATnT_Regression_Suite.FPP_1148_VerifyfieldsOnApproverDealOverviewPage" tests="1" time="78.188" ignored="0" failures="0" timestamp="17 Jul 2017 14:09:00 GMT" skipped="0" hostname="5CD63180NV" errors="1">
  <testcase name="test" time="78.188" classname="ATnT_Regression_Suite.FPP_1148_VerifyfieldsOnApproverDealOverviewPage">
    <error/>
  </testcase> <!-- test -->
</testsuite> <!-- ATnT_Regression_Suite.FPP_1148_VerifyfieldsOnApproverDealOverviewPage -->
