<?xml version="1.0" encoding="UTF-8"?>
<!-- Generated by org.testng.reporters.JUnitReportReporter -->
<testsuite name="ATnT_Regression_Suite.FPP_3440_Master_Data_Landing_Page_ProductManager" tests="1" time="43.072" ignored="0" failures="0" timestamp="24 Jul 2017 07:32:52 GMT" skipped="0" hostname="5CD63180NV" errors="0">
  <testcase name="runTest" time="43.072" classname="ATnT_Regression_Suite.FPP_3440_Master_Data_Landing_Page_ProductManager"/>
</testsuite> <!-- ATnT_Regression_Suite.FPP_3440_Master_Data_Landing_Page_ProductManager -->
