<?xml version="1.0" encoding="UTF-8"?>
<!-- Generated by org.testng.reporters.JUnitReportReporter -->
<testsuite name="ATnT_Regression_Suite.FPP_1141_VerifyfieldsOnPricingManagerDealOverviewPage" tests="1" time="71.963" ignored="0" failures="0" timestamp="13 Jul 2017 14:05:15 GMT" skipped="0" hostname="5CD63180NV" errors="1">
  <testcase name="test" time="71.963" classname="ATnT_Regression_Suite.FPP_1141_VerifyfieldsOnPricingManagerDealOverviewPage">
    <error/>
  </testcase> <!-- test -->
</testsuite> <!-- ATnT_Regression_Suite.FPP_1141_VerifyfieldsOnPricingManagerDealOverviewPage -->
