<?xml version="1.0" encoding="UTF-8"?>
<!-- Generated by org.testng.reporters.JUnitReportReporter -->
<testsuite name="joy_ATT.FPP_1090_verifyDealApproverList" tests="1" time="18.038" ignored="0" failures="0" timestamp="29 Jun 2017 12:06:12 GMT" skipped="0" hostname="5CD63180NV" errors="1">
  <testcase name="runTest" time="18.038" classname="joy_ATT.FPP_1090_verifyDealApproverList">
    <error/>
  </testcase> <!-- runTest -->
</testsuite> <!-- joy_ATT.FPP_1090_verifyDealApproverList -->
