<?xml version="1.0" encoding="UTF-8"?>
<!-- Generated by org.testng.reporters.JUnitReportReporter -->
<testsuite name="ATnT_Regression_Suite.FPP_2827_VerifySellerCanViewCompletedDealModule" tests="1" time="38.887" ignored="0" failures="0" timestamp="13 Jul 2017 14:05:15 GMT" skipped="0" hostname="5CD63180NV" errors="0">
  <testcase name="test" time="38.887" classname="ATnT_Regression_Suite.FPP_2827_VerifySellerCanViewCompletedDealModule"/>
</testsuite> <!-- ATnT_Regression_Suite.FPP_2827_VerifySellerCanViewCompletedDealModule -->
